2026-03-27 18:54:50 - mall_map_backend - ERROR - ERROR FETCHING FLOORS FOR MALL 1: Could not connect to database: 1049 (42000): Unknown database 'mallmap'
2026-03-27 18:54:50 - mall_map_backend - ERROR - ERROR FETCHING FLOORS FOR MALL 1: Could not connect to database: 1049 (42000): Unknown database 'mallmap'
2026-03-27 18:54:51 - mall_map_backend - ERROR - ERROR FETCHING FLOORS FOR MALL 1: Could not connect to database: 1049 (42000): Unknown database 'mallmap'
2026-03-27 18:54:51 - mall_map_backend - ERROR - ERROR FETCHING FLOORS FOR MALL 1: Could not connect to database: 1049 (42000): Unknown database 'mallmap'
2026-03-27 18:54:53 - mall_map_backend - ERROR - ERROR GET MALLS: Could not connect to database: 1049 (42000): Unknown database 'mallmap'
2026-03-27 18:54:53 - mall_map_backend - ERROR - ERROR GET MALLS: Could not connect to database: 1049 (42000): Unknown database 'mallmap'
2026-03-27 18:54:59 - mall_map_backend - ERROR - ERROR FETCHING FLOORS FOR MALL 1: Could not connect to database: 1049 (42000): Unknown database 'mallmap'
2026-03-27 18:54:59 - mall_map_backend - ERROR - ERROR FETCHING FLOORS FOR MALL 1: Could not connect to database: 1049 (42000): Unknown database 'mallmap'
2026-03-27 18:55:00 - mall_map_backend - ERROR - ERROR FETCHING FLOORS FOR MALL 1: Could not connect to database: 1049 (42000): Unknown database 'mallmap'
2026-03-27 18:55:00 - mall_map_backend - ERROR - ERROR FETCHING FLOORS FOR MALL 1: Could not connect to database: 1049 (42000): Unknown database 'mallmap'
2026-03-27 18:55:08 - mall_map_backend - ERROR - ERROR GET MALLS: Could not connect to database: 1049 (42000): Unknown database 'mallmap'
2026-03-27 18:55:08 - mall_map_backend - ERROR - ERROR GET MALLS: Could not connect to database: 1049 (42000): Unknown database 'mallmap'
2026-03-27 18:55:15 - mall_map_backend - ERROR - ERROR FETCHING FLOORS FOR MALL 1: Could not connect to database: 1049 (42000): Unknown database 'mallmap'
2026-03-27 18:55:15 - mall_map_backend - ERROR - ERROR FETCHING FLOORS FOR MALL 1: Could not connect to database: 1049 (42000): Unknown database 'mallmap'
2026-03-27 18:55:18 - mall_map_backend - ERROR - ERROR GET MALLS: Could not connect to database: 1049 (42000): Unknown database 'mallmap'
2026-03-27 18:55:18 - mall_map_backend - ERROR - ERROR GET MALLS: Could not connect to database: 1049 (42000): Unknown database 'mallmap'
2026-03-27 18:55:19 - mall_map_backend - ERROR - ERROR FETCHING FLOORS FOR MALL 1: Could not connect to database: 1049 (42000): Unknown database 'mallmap'
2026-03-27 18:55:19 - mall_map_backend - ERROR - ERROR FETCHING FLOORS FOR MALL 1: Could not connect to database: 1049 (42000): Unknown database 'mallmap'
2026-03-27 18:55:24 - mall_map_backend - ERROR - ERROR FETCHING FLOORS FOR MALL 1: Could not connect to database: 1049 (42000): Unknown database 'mallmap'
2026-03-27 18:55:24 - mall_map_backend - ERROR - ERROR FETCHING FLOORS FOR MALL 1: Could not connect to database: 1049 (42000): Unknown database 'mallmap'
2026-03-27 18:56:20 - mall_map_backend - ERROR - ERROR LOGIN: Could not connect to database: 1049 (42000): Unknown database 'mallmap'
2026-03-27 18:56:25 - mall_map_backend - ERROR - ERROR LOGIN: Could not connect to database: 1049 (42000): Unknown database 'mallmap'
2026-03-27 18:57:11 - mall_map_backend - ERROR - ERROR LOGIN: Could not connect to database: 1049 (42000): Unknown database 'mallmap'
2026-03-27 19:03:24 - mall_map_backend - WARNING - Login failed: Incorrect password for user admin1@mail.com
2026-03-27 19:03:45 - mall_map_backend - WARNING - Login failed: Incorrect password for user admin1@mail.com
2026-03-27 19:03:57 - mall_map_backend - ERROR - ERROR FETCHING FLOORS FOR MALL 1: 1054 (42S22): Unknown column 'FloorLevel' in 'field list'
2026-03-27 19:03:58 - mall_map_backend - ERROR - ERROR FETCHING FLOORS FOR MALL 1: 1054 (42S22): Unknown column 'FloorLevel' in 'field list'
2026-03-27 19:04:34 - mall_map_backend - WARNING - Login failed: Incorrect password for user admin1@mail.com
2026-03-27 19:04:50 - mall_map_backend - ERROR - ERROR FETCHING FLOORS FOR MALL 1: 1054 (42S22): Unknown column 'FloorLevel' in 'field list'
2026-03-27 19:04:51 - mall_map_backend - ERROR - ERROR FETCHING FLOORS FOR MALL 1: 1054 (42S22): Unknown column 'FloorLevel' in 'field list'
2026-03-27 19:04:59 - mall_map_backend - WARNING - Login failed: Incorrect password for user admin1@mail.com
2026-03-27 19:06:03 - mall_map_backend - ERROR - ERROR FETCHING FLOORS FOR MALL 1: 1054 (42S22): Unknown column 'FloorLevel' in 'field list'
2026-03-27 19:06:03 - mall_map_backend - ERROR - ERROR FETCHING FLOORS FOR MALL 1: 1054 (42S22): Unknown column 'FloorLevel' in 'field list'
2026-03-27 19:06:23 - mall_map_backend - WARNING - Login failed: Incorrect password for user admin1@mail.com
2026-03-27 19:49:16 - mall_map_backend - ERROR - ERROR FETCHING FLOORS FOR MALL 1: 1054 (42S22): Unknown column 'FloorLevel' in 'field list'
2026-03-27 19:49:17 - mall_map_backend - ERROR - ERROR FETCHING FLOORS FOR MALL 1: 1054 (42S22): Unknown column 'FloorLevel' in 'field list'
2026-03-27 19:49:17 - mall_map_backend - ERROR - ERROR FETCHING FLOORS FOR MALL 1: 1054 (42S22): Unknown column 'FloorLevel' in 'field list'
2026-03-27 19:49:20 - mall_map_backend - INFO - Fetched 0 malls
2026-03-27 19:49:20 - mall_map_backend - INFO - Fetched 0 malls
2026-03-27 19:49:29 - mall_map_backend - ERROR - ERROR FETCHING FLOORS FOR MALL 1: 1054 (42S22): Unknown column 'FloorLevel' in 'field list'
2026-03-27 19:49:30 - mall_map_backend - ERROR - ERROR FETCHING FLOORS FOR MALL 1: 1054 (42S22): Unknown column 'FloorLevel' in 'field list'
2026-03-27 19:49:31 - mall_map_backend - ERROR - ERROR FETCHING FLOORS FOR MALL 1: 1054 (42S22): Unknown column 'FloorLevel' in 'field list'
2026-03-27 19:49:31 - mall_map_backend - ERROR - ERROR FETCHING FLOORS FOR MALL 1: 1054 (42S22): Unknown column 'FloorLevel' in 'field list'
2026-03-27 19:49:43 - mall_map_backend - ERROR - ERROR FETCHING FLOORS FOR MALL 1: 1054 (42S22): Unknown column 'FloorLevel' in 'field list'
2026-03-27 19:49:43 - mall_map_backend - ERROR - ERROR FETCHING FLOORS FOR MALL 1: 1054 (42S22): Unknown column 'FloorLevel' in 'field list'
2026-03-27 19:49:46 - mall_map_backend - INFO - Fetched 0 malls
2026-03-27 19:49:46 - mall_map_backend - INFO - Fetched 0 malls
2026-03-27 19:50:20 - mall_map_backend - ERROR - ERROR FETCHING FLOORS FOR MALL 1: 1054 (42S22): Unknown column 'FloorLevel' in 'field list'
2026-03-27 19:50:20 - mall_map_backend - ERROR - ERROR FETCHING FLOORS FOR MALL 1: 1054 (42S22): Unknown column 'FloorLevel' in 'field list'
2026-03-27 19:50:48 - mall_map_backend - ERROR - ERROR FETCHING FLOORS FOR MALL 1: 1054 (42S22): Unknown column 'FloorLevel' in 'field list'
2026-03-27 19:50:48 - mall_map_backend - ERROR - ERROR FETCHING FLOORS FOR MALL 1: 1054 (42S22): Unknown column 'FloorLevel' in 'field list'
2026-03-27 20:03:26 - mall_map_backend - ERROR - ERROR FETCHING FLOORS FOR MALL 1: 1054 (42S22): Unknown column 'FloorLevel' in 'field list'
2026-03-27 20:03:26 - mall_map_backend - ERROR - ERROR FETCHING FLOORS FOR MALL 1: 1054 (42S22): Unknown column 'FloorLevel' in 'field list'
2026-03-27 20:03:26 - mall_map_backend - ERROR - ERROR FETCHING FLOORS FOR MALL 1: 1054 (42S22): Unknown column 'FloorLevel' in 'field list'
2026-03-27 20:03:27 - mall_map_backend - ERROR - ERROR FETCHING FLOORS FOR MALL 1: 1054 (42S22): Unknown column 'FloorLevel' in 'field list'
